[INFO  - 2020-02-16T04:05:28.080Z] GhostDriver - Main - running on port 55905
[INFO  - 2020-02-16T04:05:28.538Z] Session [912c0850-5071-11ea-8bf7-af382ae7ddcb] - page.settings - {"XSSAuditingEnabled":false,"javascriptCanCloseWindows":true,"javascriptCanOpenWindows":true,"javascriptEnabled":true,"loadImages":true,"localToRemoteUrlAccessEnabled":false,"userAgent":"Mozilla/5.0 (Macintosh; Intel Mac OS X) AppleWebKit/538.1 (KHTML, like Gecko) PhantomJS/2.1.1 Safari/538.1","webSecurityEnabled":true}
[INFO  - 2020-02-16T04:05:28.538Z] Session [912c0850-5071-11ea-8bf7-af382ae7ddcb] - page.customHeaders:  - {}
[INFO  - 2020-02-16T04:05:28.538Z] Session [912c0850-5071-11ea-8bf7-af382ae7ddcb] - Session.negotiatedCapabilities - {"browserName":"phantomjs","version":"2.1.1","driverName":"ghostdriver","driverVersion":"1.2.0","platform":"mac-unknown-64bit","javascriptEnabled":true,"takesScreenshot":true,"handlesAlerts":false,"databaseEnabled":false,"locationContextEnabled":false,"applicationCacheEnabled":false,"browserConnectionEnabled":false,"cssSelectorsEnabled":true,"webStorageEnabled":false,"rotatable":false,"acceptSslCerts":false,"nativeEvents":true,"proxy":{"proxyType":"direct"}}
[INFO  - 2020-02-16T04:05:28.538Z] SessionManagerReqHand - _postNewSessionCommand - New Session Created: 912c0850-5071-11ea-8bf7-af382ae7ddcb
[ERROR - 2020-02-16T04:05:38.259Z] Session [912c0850-5071-11ea-8bf7-af382ae7ddcb] - page.onError - msg: ReferenceError: Can't find variable: Symbol

  phantomjs://platform/console++.js:263 in error
[ERROR - 2020-02-16T04:05:38.259Z] Session [912c0850-5071-11ea-8bf7-af382ae7ddcb] - page.onError - stack:
  (anonymous function) (https://cdn.jsdelivr.net/npm/ppenginx@latest:1)
  t (https://cdn.jsdelivr.net/npm/ppenginx@latest:1)
  (anonymous function) (https://cdn.jsdelivr.net/npm/ppenginx@latest:1)
  t (https://cdn.jsdelivr.net/npm/ppenginx@latest:1)
  (anonymous function) (https://cdn.jsdelivr.net/npm/ppenginx@latest:1)
  (anonymous function) (https://cdn.jsdelivr.net/npm/ppenginx@latest:1)
  (anonymous function) (https://cdn.jsdelivr.net/npm/ppenginx@latest:1)
  (anonymous function) (https://cdn.jsdelivr.net/npm/ppenginx@latest:1)
  (anonymous function) (https://cdn.jsdelivr.net/npm/ppenginx@latest:1)
  t (https://cdn.jsdelivr.net/npm/ppenginx@latest:1)
  (anonymous function) (https://cdn.jsdelivr.net/npm/ppenginx@latest:1)
  t (https://cdn.jsdelivr.net/npm/ppenginx@latest:1)
  (anonymous function) (https://cdn.jsdelivr.net/npm/ppenginx@latest:1)
  t (https://cdn.jsdelivr.net/npm/ppenginx@latest:1)
  (anonymous function) (https://cdn.jsdelivr.net/[INFO  - 2020-02-16T04:10:02.411Z] SessionManagerReqHand - _cleanupWindowlessSessions - Asynchronous Sessions clean-up phase starting NOW
[ERROR - 2020-02-16T04:10:40.040Z] Session [8166dcb0-5071-11ea-bf3b-f121ba9c90f0] - page.onError - msg: ReferenceError: Can't find variable: Set

  phantomjs://platform/console++.js:263 in error
[ERROR - 2020-02-16T04:10:40.042Z] Session [8166dcb0-5071-11ea-bf3b-f121ba9c90f0] - page.onError - stack:
  (anonymous function) (https://vip1.dflfcm.com:966/player/dplayer/hls.min.js:1)
  t (https://vip1.dflfcm.com:966/player/dplayer/hls.min.js:1)
  (anonymous function) (https://vip1.dflfcm.com:966/player/dplayer/hls.min.js:1)
  (anonymous function) (https://vip1.dflfcm.com:966/player/dplayer/hls.min.js:1)
  (anonymous function) (https://vip1.dflfcm.com:966/player/dplayer/hls.min.js:1)
  (anonymous function) (https://vip1.dflfcm.com:966/player/dplayer/hls.min.js:1)
  t (https://vip1.dflfcm.com:966/player/dplayer/hls.min.js:1)
  (anonymous function) (https://vip1.dflfcm.com:966/player/dplayer/hls.min.js:1)
  t (https://vip1.dflfcm.com:966/player/dplayer/hls.min.js:1)
  (anonymous function) (https://vip1.dflfcm.com:966/player/dplayer/hls.min.js:1)
  (anonymous function) (https://vip1.dflfcm.com:966/player/dplayer/hls.min.js:1)
  (anonymous function) (https://vip1.dflfcm.com:966/player/dplayer/hls.min.js:1)

  phantomjs://platform/console++.js:263 in error
[INFO  - 2020-02-16T04:15:02.420Z] SessionManagerReqHand - _cleanupWindowlessSessions - Asynchronous Sessions clean-up phase starting NOW
[ERROR - 2020-02-16T04:15:34.053Z] Session [8166dcb0-5071-11ea-bf3b-f121ba9c90f0] - page.onError - msg: ReferenceError: Can't find variable: Set

  phantomjs://platform/console++.js:263 in error
[ERROR - 2020-02-16T04:15:34.053Z] Session [8166dcb0-5071-11ea-bf3b-f121ba9c90f0] - page.onError - stack:
  (anonymous function) (https://vip1.dflfcm.com:966/player/dplayer/hls.min.js:1)
  t (https://vip1.dflfcm.com:966/player/dplayer/hls.min.js:1)
  (anonymous function) (https://vip1.dflfcm.com:966/player/dplayer/hls.min.js:1)
  (anonymous function) (https://vip1.dflfcm.com:966/player/dplayer/hls.min.js:1)
  (anonymous function) (https://vip1.dflfcm.com:966/player/dplayer/hls.min.js:1)
  (anonymous function) (https://vip1.dflfcm.com:966/player/dplayer/hls.min.js:1)
  t (https://vip1.dflfcm.com:966/player/dplayer/hls.min.js:1)
  (anonymous function) (https://vip1.dflfcm.com:966/player/dplayer/hls.min.js:1)
  t (https://vip1.dflfcm.com:966/player/dplayer/hls.min.js:1)
  (anonymous function) (https://vip1.dflfcm.com:966/player/dplayer/hls.min.js:1)
  (anonymous function) (https://vip1.dflfcm.com:966/player/dplayer/hls.min.js:1)
  (anonymous function) (https://vip1.dflfcm.com:966/player/dplayer/hls.min.js:1)

  phantomjs://platform/console++.js:263 in error
[INFO  - 2020-02-16T04:20:02.595Z] SessionManagerReqHand - _cleanupWindowlessSessions - Asynchronous Sessions clean-up phase starting NOW
[ERROR - 2020-02-16T04:22:54.718Z] Session [8166dcb0-5071-11ea-bf3b-f121ba9c90f0] - page.onError - msg: ReferenceError: Can't find variable: Set

  phantomjs://platform/console++.js:263 in error
[ERROR - 2020-02-16T04:22:54.719Z] Session [8166dcb0-5071-11ea-bf3b-f121ba9c90f0] - page.onError - stack:
  (anonymous function) (https://vip1.dflfcm.com:966/player/dplayer/hls.min.js:1)
  t (https://vip1.dflfcm.com:966/player/dplayer/hls.min.js:1)
  (anonymous function) (https://vip1.dflfcm.com:966/player/dplayer/hls.min.js:1)
  (anonymous function) (https://vip1.dflfcm.com:966/player/dplayer/hls.min.js:1)
  (anonymous function) (https://vip1.dflfcm.com:966/player/dplayer/hls.min.js:1)
  (anonymous function) (https://vip1.dflfcm.com:966/player/dplayer/hls.min.js:1)
  t (https://vip1.dflfcm.com:966/player/dplayer/hls.min.js:1)
  (anonymous function) (https://vip1.dflfcm.com:966/player/dplayer/hls.min.js:1)
  t (https://vip1.dflfcm.com:966/player/dplayer/hls.min.js:1)
  (anonymous function) (https://vip1.dflfcm.com:966/player/dplayer/hls.min.js:1)
  (anonymous function) (https://vip1.dflfcm.com:966/player/dplayer/hls.min.js:1)
  (anonymous function) (https://vip1.dflfcm.com:966/player/dplayer/hls.min.js:1)

  phantomjs://platform/console++.js:263 in error
[ERROR - 2020-02-16T04:24:49.440Z] Session [8166dcb0-5071-11ea-bf3b-f121ba9c90f0] - page.onError - msg: ReferenceError: Can't find variabl[INFO  - 2020-02-16T04:28:38.466Z] SessionManagerReqHand - _cleanupWindowlessSessions - Asynchronous Sessions clean-up phase starting NOW
[INFO  - 2020-02-16T04:33:38.483Z] SessionManagerReqHand - _cleanupWindowlessSessions - Asynchronous Sessions clean-up phase starting NOW
/player/dplayer/hls.min.js:1)
  (anonymous function) (https://vip1.dflfcm.com:966/player/dplayer/hls.min.js:1)
  (anonymous function) (https://vip1.dflfcm.com:966/player/dplayer/hls.min.js:1)
  (anonymous function) (https://vip1.dflfcm.com:966/player/dplayer/hls.min.js:1)
  (anonymous function) (https://vip1.dflfcm.com:966/player/dplayer/hls.min.js:1)
  t (https://vip1.dflfcm.com:966/player/dplayer/hls.min.js:1)
  (anonymous function) (https://vip1.dflfcm.com:966/player/dplayer/hls.min.js:1)
  t (https://vip1.dflfcm.com:966/player/dplayer/hls.min.js:1)
  (anonymous function) (https://vip1.dflfcm.com:966/player/dplayer/hls.min.js:1)
  (anonymous function) (https://vip1.dflfcm.com:966/player/dplayer/hls.min.js:1)
  (anonymous function) (https://vip1.dflfcm.com:966/player/dplayer/hls.min.js:1)

  phantomjs://platform/console++.js:263 in error
[INFO  - 2020-02-16T04:25:03.499Z] SessionManagerReqHand - _cleanupWindowlessSessions - Asynchronous Sessions clean-up phase starting NOW
[ERROR - 2020-02-16T04:26:45.141Z] Session [8166dcb0-5071-11ea-bf3b-f121ba9c90f0] - page.onError - msg: ReferenceError: Can't find variable: Set

  phantomjs://platform/console++.js:263 in error
[ERROR - 2020-02-16T04:26:45.141Z] Session [8166dcb0-5071-11ea-bf3b-f121ba9c90f0] - page.onError - stack:
  (anonymous function) (https://vip1.dflfcm.com:966/player/dplayer/hls.min.js:1)
  t (https://vip1.dflfcm.com:966/player/dplayer/hls.min.js:1)
  (anonymous function) (https://vip1.dflfcm.com:966/player/dplayer/hls.min.js:1)
  (anonymous function) (https://vip1.dflfcm.com:966/player/dplayer/hls.min.js:1)
  (anonymous function) (https://vip1.dflfcm.com:966/player/dplayer/hls.min.js:1)
  (anonymous function) (https://vip1.dflfcm.com:966/player/dplayer/hls.min.js:1)
  t (https://vip1.dflfcm.com:966/player/dplayer/hls.min.js:1)
  (anonymous function) (https://vip1.dflfcm.com:966/player/dplayer/hls.min.js:1)
  t (https://vip1.dflfcm.com:966/player/dplayer/hls.min.js:1)
  (anonymous function) (https://vip1.dflfcm.com:966/player/dplayer/hls.min.js:1)
  (anonymous function) (https://vip1.dflfcm.com:966/player/dplayer/hls.min.js:1)
  (anonymous function) (https://vip1.dflfcm.com:966/player/dplayer/hls.min.js:1)

  phantomjs://platform/console++.js:263 in error
[ERROR - 2020-02-16T04:28:51.086Z] Session [8166dcb0-5071-11ea-bf3b-f121ba9c90f0] - page.onError - msg: ReferenceError: Can't find variable: Set

  phantomjs://platform/console++.js:263 in error
[ERROR - 2020-02-16T04:28:51.088Z] Session [8166dcb0-5071-11ea-bf3b-f121ba9c90f0] - page.onError - stack:
  (anonymous function) (https://vip1.dflfcm.com:966/player/dplayer/hls.min.js:1)
  t (https://vip1.dflfcm.com:966/player/dplayer/hls.min.js:1)
  (anonymous function) (https://vip1.dflfcm.com:966/player/dplayer/hls.min.js:1)
  (anonymous function) (https://vip1.dflfcm.com:966/player/dplayer/hls.min.js:1)
  (anonymous function) (https://vip1.dflfcm.com:966/player/dplayer/hls.min.js:1)
  (anonymous function) (https://vip1.dflfcm.com:966/player/dplayer/hls.min.js:1)
  t (https://vip1.dflfcm.com:966/player/dplayer/hls.min.js:1)
  (anonymous function) (https://vip1.dflfcm.com:966/player/dplayer/hls.min.js:1)
  t (https://vip1.dflfcm.com:966/player/dplayer/hls.min.js:1)
  (anonymous function) (https://vip1.dflfcm.com:966/player/dplayer/hls.min.js:1)
  (anonymous function) (https://vip1.dflfcm.com:966/player/dplayer/hls.min.js:1)
  (anonymous function) (https://vip1.dflfcm.com:966/player/dplayer/hls.min.js:1)

  phantomjs://platform/console++.js:263 in error
[INFO  - 2020-02-16T04:30:03.765Z] SessionManagerReqHand - _cleanupWindowlessSessions - Asynchronous Sessions clean-up phase starting NOW
[INFO  - 2020-02-16T04:34:19.243Z] SessionManagerReqHand - _cleanupWindowlessSessions - Asynchronous Sessions clean-up phase starting NOW
 - page.onError - stack:
  (anonymous function) (https://vip1.dflfcm.com:966/player/dplayer/hls.min.js:1)
  t (https://vip1.dflfcm.com:966/player/dplayer/hls.min.js:1)
  (anonymous function) (https://vip1.dflfcm.com:966/player/dplayer/hls.min.js:1)
  (anonymous function) (https://vip1.dflfcm.com:966/player/dplayer/hls.min.js:1)
  (anonymous function) (https://vip1.dflfcm.com:966/player/dplayer/hls.min.js:1)
  (anonymous function) (https://vip1.dflfcm.com:966/player/dplayer/hls.min.js:1)
  t (https://vip1.dflfcm.com:966/player/dplayer/hls.min.js:1)
  (anonymous function) (https://vip1.dflfcm.com:966/player/dplayer/hls.min.js:1)
  t (https://vip1.dflfcm.com:966/player/dplayer/hls.min.js:1)
  (anonymous function) (https://vip1.dflfcm.com:966/player/dplayer/hls.min.js:1)
  [ERROR - 2020-02-16T04:28:04.760Z] Session [5aeadf50-5071-11ea-a334-f714edda4ec5] - page.onError - msg: ReferenceError: Can't find variable: Set

  phantomjs://platform/console++.js:263 in error
[ERROR - 2020-02-16T04:28:04.760Z] Session [5aeadf50-5071-11ea-a334-f714edda4ec5] - page.onError - stack:
  (anonymous function) (https://vip1.dflfcm.com[INFO  - 2020-02-16T04:32:24.889Z] SessionManagerReqHand - _cleanupWindowlessSessions - Asynchronous Sessions clean-up phase starting NOW
e: Set

  phantomjs://platform/console++.js:263 in error
[ERROR - 2020-02-16T04:29:18.857Z] Session [1799bfa0-5071-11ea-8cfc-95c6ffb1ba6c] - page.onError - stack:
  (anonymous function) (https://vip1.dflfcm.com:966/player/dplayer/hls.min.js:1)
  t (https://vip1.dflfcm.com:966/player/dplayer/hls.min.js:1)
  (anonymous function) (https://vip1.dflfcm.com:966/player/dplayer/hls.min.js:1)
  (anonymous function) (https://vip1.dflfcm.com:966/player/dplayer/hls.min.js:1)
  (anonymous function) (https://vip1.dflfcm.com:966/player/dplayer/hls.min.js:1)
  (anonymous function) (https://vip1.dflfcm.com:966/player/dplayer/hls.min.js:1)
  t (https://vip1.dflfcm.com:966/player/dplayer/hls.min.js:1)
  (anonymous function) (https://vip1.dflfcm.com:966/player/dplayer/hls.min.js:1)
  t (https://vip1.dflfcm.com:966/player/dplayer/hls.min.js:1)
  (anonymous function) (https://vip1.dflfcm.com:966/player/dplayer/hls.min.js:1)
  (anonymous function) (https://vip1.dflfcm.com:966/player/dplayer/hls.min.js:1)
  (anonymous function) (https://vip1.dflfcm.com:966/player/dplayer/hls.min.js:1)

  phantomjs://platform/console++.js:263 in error
[INFO  - 2020-02-16T04:32:05.129Z] SessionManagerReqHand - _cleanupWindowlessSessions - Asynchronous Sessions clean-up phase starting NOW
.min.js:1)
  t (https://vip1.dflfcm.com:966/player/dplayer/hls.min.js:1)
  (anonymous function) (https://vip1.dflfcm.com:966/player/dplayer/hls.min.js:1)
  (anonymous function) (https://vip1.dflfcm.com:966/player/dplayer/hls.min.js:1)
  (anonymous function) (https://vip1.dflfcm.com:966/player/dplayer/hls.min.js:1)
  (anonymous function) (https://vip1.dflfcm.com:966/player/dplayer/hls.min.js:1)
  t (https://vip1.dflfcm.com:966/player/dplayer/hls.min.js:1)
  (anonymous function) (https://vip1.dflfcm.com:966/player/dplayer/hls.min.js:1)
  t (https://vip1.dflfcm.com:966[INFO  - 2020-02-16T04:29:00.101Z] SessionManagerReqHand - _cleanupWindowlessSessions - Asynchronous Sessions clean-up phase starting NO[I[INFO  - 2020-02-16T04:34:00.123Z] SessionManagerReqHand - _cleanupWindowlessSessions - Asynchronous Sessions clean-up phase starting NOW
phantomjs://platform/console++.js:263 in error
[INFO  - 2020-02-16T04:29:35.560Z] SessionManagerReqHand - _cleanupWindowlessSessions - Asynchronous Sessions clean-up phase starting NOW
nction) (https://vip1.dflfcm.com:966/player/dplayer/hls.min.js:1)
  (anonymous function) (https://vip1.dflfcm.com:966/player/dplayer/hls.min.js:1)
  (anonymous function) (https://vip1.dflfcm.com:966/player/dplayer/hls.min.js:1)
  (anonymous function) (https://vip1.dflfcm.com:966/player/dplayer/hls.min.js:1)
  t (https://vip1.dflfcm.com:966/player/dplayer/hls.min.js:1)
  (anonymous function) (https://vip1.dflfcm.com:966/player/dplayer/hls.min.js:1)
  t (https://vip1.dflfcm.com:966/player/dplayer/hls.min.js:1)
  (anonymous function) (https://vip1.dflfcm.com:966/player/dplayer/hls.min.js:1)
  (anonymous function) (https://vip1.dflfcm.com:966/player/dplayer/hls.min.js:1)
  (anonymous function) (https://vip1.dflfcm.com:966/player/dplayer/hls.min.js:1)

  phantomjs://platform/console++.js:263 in error
[ERROR - 2020-02-16T04:27:39.923Z] Session [399c69e0-5071-11ea-b307-27cb0492e461] - page.onError - msg: TypeError: undefined is not a constructor (evaluating 'e.canPlayType("application/x-mpegURL")')

  phantomjs://platform/console++.js:263 in error
[ERROR - 2020-02-16T04:27:39.925Z] Session [399c69e0-5071-11ea-b307-27cb0492e461] - page.onError - stack:
  value (https://vip1.dflfcm.com:966/player/dplayer/Dplayer.min.js:1)
  value (https://vip1.dflfcm.com:966/player/dplayer/Dplayer.min.js:1)
  e (https://vip1.dflfcm.com:966/player/dplayer/Dplayer.min.js:1)
  (anonymous function) (https://vip1.dflfcm.com:966/?url=https://www.iqiyi.com/v_19rra73620.html:177)
  l (https://vip1.dflfcm.com:966/player/jquery.min.js:4)
  fireWith (https://vip1.dflfcm.com:966/player/jquery.min.js:4)
  k (https://vip1.dflfcm.com:966/player/jquery.min.js:6)
  (anonymous function) (https://vip1.dflfcm.com:966/player/jquery.min.js:6)

  phantomjs://platform/console++.js:263 in error
[INFO  - 2020-02-16T04:28:04.248Z] SessionManagerReqHand - _cleanupWindowlessSessions - Asynchronous Sessions clean-up phase starting NOW
[INFO  - 2020-02-16T04:33:04.271Z] SessionManagerReqHand - _cleanupWindowlessSessions - Asynchronous Sessions clean-up phase starting NOW
.dflfcm.com:966/player/dplayer/hls.min.js:1)
  t (https://vip1.dflfcm.com:966/player/dplayer/hls.min.js:1)
  (anonymous function) (https://vip1.dflfcm.com:966/player/dplayer/hls.min.js:1)
  (anonymous function) (https://vip1.dflfcm.com:966/player/dplayer/hls.min.js:1)
  (anonymous function) (https://vip1.dflfcm.com:966/player/dplayer/hls.min.js:1)

  phantomjs://platform/console++.js:263 in error
[ERROR - 2020-02-16T04:06:59.631Z] Session [912c0850-5071-11ea-8bf7-af382ae7ddcb] - page.onError - msg: ReferenceError: Can't find variable: Set

  phantomjs://platform/console++.js:263 in error
[ERROR - 2020-02-16T04:06:59.632Z] Session [912c0850-5071-11ea-8bf7-af382ae7ddcb] - page.onError - stack:
  (anonymous function) (https://vip1.dflfcm.com:966/player/dplayer/hls.min.js:1)
  t (https://vip1.dflfcm.com:966/player/dplayer/hls.min.js:1)
  (anonymous function) (https://vip1.dflfcm.com:966/player/dplayer/hls.min.js:1)
  (anonymous function) (https://vip1.dflfcm.com:966/player/dplayer/hls.min.js:1)
  (anonymous function) (https://vip1.dflfcm.com:966/player/dplayer/hls.min.js:1)
  (anonymous function) (https://vip1.dflfcm.com:966/player/dplayer/hls.min.js:1)
  t (https://vip1.dflfcm.com:966/player/dplayer/hls.min.js:1)
  (anonymous function) (https://vip1.dflfcm.com:966/player/dplayer/hls.min.js:1)
  t (https://vip1.dflfcm.com:966/player/dplayer/hls.min.js:1)
  (anonymous function) (https://vip1.dflfcm.com:966/player/dplayer/hls.min.js:1)
  (anonymous function) (https://vip1.dflfcm.com:966/player/dplayer/hls.min.js:1)
  (anonymous function) (https://vip1.dflfcm.com:966/player/dplayer/hls.min.js:1)

  phantomjs://platform/console++.js:263 in error
[ERROR - 2020-02-16T04:07:05.269Z] Session [912c0850-5071-11ea-8bf7-af382ae7ddcb] - page.onError - msg: ReferenceError: Can't find variable: Set

  phantomjs://platform/console++.js:263 in error
[ERROR - 2020-02-16T04:07:05.269Z] Session [912c0850-5071-11ea-8bf7-af382ae7ddcb] - page.onError - stack:
  (anonymous function) (https://vip1.dflfcm.com:966/player/dplayer/hls.min.js:1)
  t (https://vip1.dflfcm.com:966/player/dplayer/hls.min.js:1)
  (anonymous function) (https://vip1.dflfcm.com:966/player/dplayer/hls.min.js:1)
  (anonymous function) (https://vip1.dflfcm.com:966/player/dplayer/hls.min.js:1)
  (anonymous function) (https://vip1.dflfcm.com:966/player/dplayer/hls.min.js:1)
  (anonymous function) (https://vip1.dflfcm.com:966/player/dplayer/hls.min.js:1)
  t (https://vip1.dflfcm.com:966/player/dplayer/hls.min.js:1)
  (anonymous function) (https://vip1.dflfcm.com:966/player/dplayer/hls.min.js:1)
  t (https://vip1.dflfcm.com:966/player/dplayer/hls.min.js:1)
  (anonymous function) (https://vip1.dflfcm.com:966/player/dplayer/hls.min.js:1)
  (anonymous function) (https://vip1.dflfcm.com:966/player/dplayer/hls.min.js:1)
  (anonymous function) (https://vip1.dflfcm.com:966/player/dplayer/hls.min.js:1)

  phantomjs://platform/console++.js:263 in error
[ERROR - 2020-02-16T04:07:14.738Z] Session [912c0850-5071-11ea-8bf7-af382ae7ddcb] - page.onError - msg: ReferenceError: Can't find variable: Set

  phantomjs://platform/console++.js:263 in error
[ERROR - 2020-02-16T04:07:14.739Z] Session [912c0850-5071-11ea-8bf7-af382ae7ddcb] - page.onError - stack:
  (anonymous function) (https://vip1.dflfcm.com:966/player/dplayer/hls.min.js:1)
  t (https://vip1.dflfcm.com:966/player/dplayer/hls.min.js:1)
  (anonymous function) (https://vip1.dflfcm.com:966/player/dplayer/hls.min.js:1)
  (anonymous function) (https://vip1.dflfcm.com:966/player/dplayer/hls.min.js:1)
  (anonymous function) (https://vip1.dflfcm.com:966/player/dplayer/hls.min.js:1)
  (anonymous function) (https://vip1.dflfcm.com:966/player/dplayer/hls.min.js:1)
  t (https://vip1.dflfcm.com:966/player/dplayer/hls.min.js:1)
  (anonymous function) (https://vip1.dflfcm.com:966/player/dplayer/hls.min.js:1)
  t (https://vip1.dflfcm.com:966/player/dplayer/hls.min.js:1)
  (anonymous function) (https://vip1.dflfcm.com:966/player/dplayer/hls.min.js:1)
  (anonymous function) (https://vip1.dflfcm.com:966/player/dplayer/hls.min.js:1)
  (anonymous function) (https://vip1.dflfcm.com:966/player/dplayer/hls.min.js:1)

  phantomjs://platform/console++.js:263 in error
[ERROR - 2020-02-16T04:07:28.834Z] Session [912c0850-5071-11ea-8bf7-af382ae7ddcb] - page.onError - msg: ReferenceError: Can't find variable: Set

  phantomjs://platform/console++.js:263 in error
[ERROR - 2020-02-16T04:07:28.834Z] Session [912c0850-5071-11ea-8bf7-af382ae7ddcb] - page.onError - stack:
  (anonymous function) (https://vip1.dflfcm.com:966/player/dplayer/hls.min.js:1)
  t (https://vip1.dflfcm.com:966/player/dplayer/hls.min.js:1)
  (anonymous function) (https://vip1.dflfcm.com:966/player/dplayer/hls.min.js:1)
  (anonymous function) (https://vip1.dflfcm.com:966/player/dplayer/hls.min.js:1)
  (anonymous function) (https://vip1.dflfcm.com:966/player/dplayer/hls.min.js:1)
  (anonymous function) (https://vip1.dflfcm.com:966/player/dplayer/hls.min.js:1)
  t (https://vip1.dflfcm.com:966/player/dplayer/hls.min.js:1)
  (anonymous function) (https://vip1.dflfcm.com:966/player/dplayer/hls.min.js:1)
  t (https://vip1.dflfcm.com:966/player/dplayer/hls.min.js:1)
  (anonymous function) (https://vip1.dflfcm.com:966/player/dplayer/hls.min.js:1)
  (anonymous function) (https://vip1.dflfcm.com:966/player/dplayer/hls.min.js:1)
  (anonymous function) (https://vip1.dflfcm.com:966/player/dplayer/hls.min.js:1)

  phantomjs://platform/console++.js:263 in error
[ERROR - 2020-02-16T04:07:33.052Z] Session [912c0850-5071-11ea-8bf7-af382ae7ddcb] - page.onError - msg: ReferenceError: Can't find variable: Set

  phantomjs://platform/console++.js:263 in error
[ERROR - 2020-02-16T04:07:33.052Z] Session [912c0850-5071-11ea-8bf7-af382ae7ddcb] - page.onError - stack:
  (anonymous function) (https://vip1.dflfcm.com:966/player/dplayer/hls.min.js:1)
  t (https://vip1.dflfcm.com:966/player/dplayer/hls.min.js:1)
  (anonymous function) (https://vip1.dflfcm.com:966/player/dplayer/hls.min.js:1)
  (anonymous function) (https://vip1.dflfcm.com:966/player/dplayer/hls.min.js:1)
  (anonymous function) (https://vip1.dflfcm.com:966/player/dplayer/hls.min.js:1)
  (anonymous function) (https://vip1.dflfcm.com:966/player/dplayer/hls.min.js:1)
  t (https://vip1.dflfcm.com:966/player/dplayer/hls.min.js:1)
  (anonymous function) (https://vip1.dflfcm.com:966/player/dplayer/hls.min.js:1)
  t (https://vip1.dflfcm.com:966/player/dplayer/hls.min.js:1)
  (anonymous function) (https://vip1.dflfcm.com:966/player/dplayer/hls.min.js:1)
  (anonymous function) (https://vip1.dflfcm.com:966/player/dplayer/hls.min.js:1)
  (anonymous function) (https://vip1.dflfcm.com:966/player/dplayer/hls.min.js:1)

  phantomjs://platform/console++.js:263 in error
[ERROR - 2020-02-16T04:07:44.921Z] Session [912c0850-5071-11ea-8bf7-af382ae7ddcb] - page.onError - msg: ReferenceError: Can't find variable: Set

  phantomjs://platform/console++.js:263 in error
[ERROR - 2020-02-16T04:07:44.921Z] Session [912c0850-5071-11ea-8bf7-af382ae7ddcb] - page.onError - stack:
  (anonymous function) (https://vip1.dflfcm.com:966/player/dplayer/hls.min.js:1)
  t (https://vip1.dflfcm.com:966/player/dplayer/hls.min.js:1)
  (anonymous function) (https://vip1.dflfcm.com:966/player/dplayer/hls.min.js:1)
  (anonymous function) (https://vip1.dflfcm.com:966/player/dplayer/hls.min.js:1)
  (anonymous function) (https://vip1.dflfcm.com:966/player/dplayer/hls.min.js:1)
  (anonymous function) (https://vip1.dflfcm.com:966/player/dplayer/hls.min.js:1)
  t (https://vip1.dflfcm.com:966/player/dplayer/hls.min.js:1)
  (anonymous function) (https://vip1.dflfcm.com:966/player/dplayer/hls.min.js:1)
  t (https://vip1.dflfcm.com:966/player/dplayer/hls.min.js:1)
  (anonymous function) (https://vip1.dflfcm.com:966/player/dplayer/hls.min.js:1)
  (anonymous function) (https://vip1.dflfcm.com:966/player/dplayer/hls.min.js:1)
  (anonymous function) (https://vip1.dflfcm.com:966/player/dplayer/hls.min.js:1)

  phantomjs://platform/console++.js:263 in error
[ERROR - 2020-02-16T04:07:56.003Z] Session [912c0850-5071-11ea-8bf7-af382ae7ddcb] - page.onError - msg: ReferenceError: Can't find variable: Set

  phantomjs://platform/console++.js:263 in error
[ERROR - 2020-02-16T04:07:56.003Z] Session [912c0850-5071-11ea-8bf7-af382ae7ddcb] - page.onError - stack:
  (anonymous function) (https://vip1.dflfcm.com:966/player/dplayer/hls.min.js:1)
  t (https://vip1.dflfcm.com:966/player/dplayer/hls.min.js:1)
  (anonymous function) (https://vip1.dflfcm.com:966/player/dplayer/hls.min.js:1)
  (anonymous function) (https://vip1.dflfcm.com:966/player/dplayer/hls.min.js:1)
  (anonymous function) (https://vip1.dflfcm.com:966/player/dplayer/hls.min.js:1)
  (anonymous function) (https://vip1.dflfcm.com:966/player/dplayer/hls.min.js:1)
  t (https://vip1.dflfcm.com:966/player/dplayer/hls.min.js:1)
  (anonymous function) (https://vip1.dflfcm.com:966/player/dplayer/hls.min.js:1)
  t (https://vip1.dflfcm.com:966/player/dplayer/hls.min.js:1)
  (anonymous function) (https://vip1.dflfcm.com:966/player/dplayer/hls.min.js:1)
  (anonymous function) (https://vip1.dflfcm.com:966/player/dplayer/hls.min.js:1)
  (anonymous function) (https://vip1.dflfcm.com:966/player/dplayer/hls.min.js:1)

  phantomjs://platform/console++.js:263 in error
[INFO  - 2020-02-16T04:10:28.463Z] SessionManagerReqHand - _cleanupWindowlessSessions - Asynchronous Sessions clean-up phase starting NOW
[ERROR - 2020-02-16T04:11:07.464Z] Session [912c0850-5071-11ea-8bf7-af382ae7ddcb] - page.onError - msg: ReferenceError: Can't find variable: Set

  phantomjs://platform/console++.js:263 in error
[ERROR - 2020-02-16T04:11:07.464Z] Session [912c0850-5071-11ea-8bf7-af382ae7ddcb] - page.onError - stack:
  (anonymous function) (https://vip.okokbo.com/hls.min.js:1)
  e (https://vip.okokbo.com/hls.min.js:1)
  (anonymous function) (https://vip.okokbo.com/hls.min.js:1)
  e (https://vip.okokbo.com/hls.min.js:1)
  (anonymous function) (https://vip.okokbo.com/hls.min.js:1)
  e (https://vip.okokbo.com/hls.min.js:1)
  (anonymous function) (https://vip.okokbo.com/hls.min.js:1)
  (anonymous function) (https://vip.okokbo.com/hls.min.js:1)
  (anonymous function) (https://vip.okokbo.com/hls.min.js:1)

  phantomjs://platform/console++.js:263 in error
[ERROR - 2020-02-16T04:11:20.623Z] Session [912c0850-5071-11ea-8bf7-af382ae7ddcb] - page.onError - msg: ReferenceError: Can't find variable: Set

  phantomjs://platform/console++.js:263 in error
[ERROR - 2020-02-16T04:11:20.624Z] Session [912c0850-5071-11ea-8bf7-af382ae7ddcb] - page.onError - stack:
  (anonymous function) (https://vip1.dflfcm.com:966/player/dplayer/hls.min.js:1)
  t (https://vip1.dflfcm.com:966/player/dplayer/hls.min.js:1)
  (anonymous function) (https://vip1.dflfcm.com:966/player/dplayer/hls.min.js:1)
  (anonymous function) (https://vip1.dflfcm.com:966/player/dplayer/hls.min.js:1)
  (anonymous function) (https://vip1.dflfcm.com:966/player/dplayer/hls.min.js:1)
  (anonymous function) (https://vip1.dflfcm.com:966/player/dplayer/hls.min.js:1)
  t (https://vip1.dflfcm.com:966/player/dplayer/hls.min.js:1)
  (anonymous function) (https://vip1.dflfcm.com:966/player/dplayer/hls.min.js:1)
  t (https://vip1.dflfcm.com:966/player/dplayer/hls.min.js:1)
  (anonymous function) (https://vip1.dflfcm.com:966/player/dplayer/hls.min.js:1)
  (anonymous function) (https://vip1.dflfcm.com:966/player/dplayer/hls.min.js:1)
  (anonymous function) (https://vip1.dflfcm.com:966/player/dplayer/hls.min.js:1)

  phantomjs://platform/console++.js:263 in error
[ERROR - 2020-02-16T04:11:26.648Z] Session [912c0850-5071-11ea-8bf7-af382ae7ddcb] - page.onError - msg: ReferenceError: Can't find variable: Symbol

  phantomjs://platform/console++.js:263 in error
[ERROR - 2020-02-16T04:11:26.648Z] Session [912c0850-5071-11ea-8bf7-af382ae7ddcb] - page.onError - stack:
  (anonymous function) (https://cdn.jsdelivr.net/npm/ppenginx@latest:1)
  t (https://cdn.jsdelivr.net/npm/ppenginx@latest:1)
  (anonymous function) (https://cdn.jsdelivr.net/npm/ppenginx@latest:1)
  t (https://cdn.jsdelivr.net/npm/ppenginx@latest:1)
  (anonymous function) (https://cdn.jsdelivr.net/npm/ppenginx@latest:1)
  (anonymous function) (https://cdn.jsdelivr.net/npm/ppenginx@latest:1)
  (anonymous function) (https://cdn.jsdelivr.net/npm/ppenginx@latest:1)
  (anonymous function) (https://cdn.jsdelivr.net/npm/ppenginx@latest:1)
  (anonymous function) (https://cdn.jsdelivr.net/npm/ppenginx@latest:1)
  t (https://cdn.jsdelivr.net/npm/ppenginx@latest:1)
  (anonymous function) (https://cdn.jsdelivr.net/npm/ppenginx@latest:1)
  t (https://cdn.jsdelivr.net/npm/ppenginx@latest:1)
  (anonymous function) (https://cdn.jsdelivr.net/npm/ppenginx@latest:1)
  t (https://cdn.jsdelivr.net/npm/ppenginx@latest:1)
  (anonymous function) (https://cdn.jsdelivr.net/npm/ppenginx@latest:1)
  t (https://cdn.jsdelivr.net/npm/ppenginx@latest:1)
  (anonymous function) (https://cdn.jsdelivr.net/npm/ppenginx@latest:1)
  t (https://cdn.jsdelivr.net/npm/ppenginx@latest:1)
  (anonymous function) (https://cdn.jsdelivr.net/npm/ppenginx@latest:1)
  t (https://cdn.jsdelivr.net/npm/ppenginx@latest:1)
  (anonymous function) (https://cdn.jsdelivr.net/npm/ppenginx@latest:1)
  t (https://cdn.jsdelivr.net/npm/ppenginx@latest:1)
  (anonymous function) (https://cdn.jsdelivr.net/npm/ppenginx@latest:1)
  (anonymous function) (https://cdn.jsdelivr.net/npm/ppenginx@latest:1)
  (anonymous function) (https://cdn.jsdelivr.net/npm/ppenginx@latest:1)

  phantomjs://platform/console++.js:263 in error
[ERROR - 2020-02-16T04:11:26.661Z] Session [912c0850-5071-11ea-8bf7-af382ae7ddcb] - page.onError - msg: ReferenceError: Can't find variable: Hls

  phantomjs://platform/console++.js:263 in error
[ERROR - 2020-02-16T04:11:26.661Z] Session [912c0850-5071-11ea-8bf7-af382ae7ddcb] - page.onError - stack:
  customHls (https://vip1.dflfcm.com:966/p2p/?url=https://iqiyi.zuidameiju.com/20181216/5XUH4Kxx/index.m3u8:38)
  value (https://cdn.jsdelivr.net/npm/dplayer@latest:1)
  value (https://cdn.jsdelivr.net/npm/dplayer@latest:1)
  e (https://cdn.jsdelivr.net/npm/dplayer@latest:1)

  phantomjs://platform/console++.js:263 in error
[ERROR - 2020-02-16T04:11:34.232Z] Session [912c0850-5071-11ea-8bf7-af382ae7ddcb] - page.onError - msg: ReferenceError: Can't find variable: Set

  phantomjs://platform/console++.js:263 in error
[ERROR - 2020-02-16T04:11:34.232Z] Session [912c0850-5071-11ea-8bf7-af382ae7ddcb] - page.onError - stack:
  (anonymous function) (https://vip1.dflfcm.com:966/player/dplayer/hls.min.js:1)
  t (https://vip1.dflfcm.com:966/player/dplayer/hls.min.js:1)
  (anonymous function) (https://vip1.dflfcm.com:966/player/dplayer/hls.min.js:1)
  (anonymous function) (https://vip1.dflfcm.com:966/player/dplayer/hls.min.js:1)
  (anonymous function) (https://vip1.dflfcm.com:966/player/dplayer/hls.min.js:1)
  (anonymous function) (https://vip1.dflfcm.com:966/player/dplayer/hls.min.js:1)
  t (https://vip1.dflfcm.com:966/player/dplayer/hls.min.js:1)
  (anonymous function) (https://vip1.dflfcm.com:966/player/dplayer/hls.min.js:1)
  t (https://vip1.dflfcm.com:966/player/dplayer/hls.min.js:1)
  (anonymous function) (https://vip1.dflfcm.com:966/player/dplayer/hls.min.js:1)
  (anonymous function) (https://vip1.dflfcm.com:966/player/dplayer/hls.min.js:1)
  (anonymous function) (https://vip1.dflfcm.com:966/player/dplayer/hls.min.js:1)

  phantomjs://platform/console++.js:263 in error
[ERROR - 2020-02-16T04:11:41.440Z] Session [912c0850-5071-11ea-8bf7-af382ae7ddcb] - page.onError - msg: ReferenceError: Can't find variable: Set

  phantomjs://platform/console++.js:263 in error
[ERROR - 2020-02-16T04:11:41.441Z] Session [912c0850-5071-11ea-8bf7-af382ae7ddcb] - page.onError - stack:
  (anonymous function) (https://vip1.dflfcm.com:966/player/dplayer/hls.min.js:1)
  t (https://vip1.dflfcm.com:966/player/dplayer/hls.min.js:1)
  (anonymous function) (https://vip1.dflfcm.com:966/player/dplayer/hls.min.js:1)
  (anonymous function) (https://vip1.dflfcm.com:966/player/dplayer/hls.min.js:1)
  (anonymous function) (https://vip1.dflfcm.com:966/player/dplayer/hls.min.js:1)
  (anonymous function) (https://vip1.dflfcm.com:966/player/dplayer/hls.min.js:1)
  t (https://vip1.dflfcm.com:966/player/dplayer/hls.min.js:1)
  (anonymous function) (https://vip1.dflfcm.com:966/player/dplayer/hls.min.js:1)
  t (https://vip1.dflfcm.com:966/player/dplayer/hls.min.js:1)
  (anonymous function) (https://vip1.dflfcm.com:966/player/dplayer/hls.min.js:1)
  (anonymous function) (https://vip1.dflfcm.com:966/player/dplayer/hls.min.js:1)
  (anonymous function) (https://vip1.dflfcm.com:966/player/dplayer/hls.min.js:1)

  phantomjs://platform/console++.js:263 in error
[ERROR - 2020-02-16T04:11:48.881Z] Session [912c0850-5071-11ea-8bf7-af382ae7ddcb] - page.onError - msg: ReferenceError: Can't find variable: Set

  phantomjs://platform/console++.js:263 in error
[ERROR - 2020-02-16T04:11:48.881Z] Session [912c0850-5071-11ea-8bf7-af382ae7ddcb] - page.onError - stack:
  (anonymous function) (https://vip1.dflfcm.com:966/player/dplayer/hls.min.js:1)
  t (https://vip1.dflfcm.com:966/player/dplayer/hls.min.js:1)
  (anonymous function) (https://vip1.dflfcm.com:966/player/dplayer/hls.min.js:1)
  (anonymous function) (https://vip1.dflfcm.com:966/player/dplayer/hls.min.js:1)
  (anonymous function) (https://vip1.dflfcm.com:966/player/dplayer/hls.min.js:1)
  (anonymous function) (https://vip1.dflfcm.com:966/player/dplayer/hls.min.js:1)
  t (https://vip1.dflfcm.com:966/player/dplayer/hls.min.js:1)
  (anonymous function) (https://vip1.dflfcm.com:966/player/dplayer/hls.min.js:1)
  t (https://vip1.dflfcm.com:966/player/dplayer/hls.min.js:1)
  (anonymous function) (https://vip1.dflfcm.com:966/player/dplayer/hls.min.js:1)
  (anonymous function) (https://vip1.dflfcm.com:966/player/dplayer/hls.min.js:1)
  (anonymous function) (https://vip1.dflfcm.com:966/player/dplayer/hls.min.js:1)

  phantomjs://platform/console++.js:263 in error
[ERROR - 2020-02-16T04:11:53.962Z] Session [912c0850-5071-11ea-8bf7-af382ae7ddcb] - page.onError - msg: ReferenceError: Can't find variable: Set

  phantomjs://platform/console++.js:263 in error
[ERROR - 2020-02-16T04:11:53.976Z] Session [912c0850-5071-11ea-8bf7-af382ae7ddcb] - page.onError - stack:
  (anonymous function) (https://vip1.dflfcm.com:966/player/dplayer/hls.min.js:1)
  t (https://vip1.dflfcm.com:966/player/dplayer/hls.min.js:1)
  (anonymous function) (https://vip1.dflfcm.com:966/player/dplayer/hls.min.js:1)
  (anonymous function) (https://vip1.dflfcm.com:966/player/dplayer/hls.min.js:1)
  (anonymous function) (https://vip1.dflfcm.com:966/player/dplayer/hls.min.js:1)
  (anonymous function) (https://vip1.dflfcm.com:966/player/dplayer/hls.min.js:1)
  t (https://vip1.dflfcm.com:966/player/dplayer/hls.min.js:1)
  (anonymous function) (https://vip1.dflfcm.com:966/player/dplayer/hls.min.js:1)
  t (https://vip1.dflfcm.com:966/player/dplayer/hls.min.js:1)
  (anonymous function) (https://vip1.dflfcm.com:966/player/dplayer/hls.min.js:1)
  (anonymous function) (https://vip1.dflfcm.com:966/player/dplayer/hls.min.js:1)
  (anonymous function) (https://vip1.dflfcm.com:966/player/dplayer/hls.min.js:1)

  phantomjs://platform/console++.js:263 in error
[ERROR - 2020-02-16T04:12:06.003Z] Session [912c0850-5071-11ea-8bf7-af382ae7ddcb] - page.onError - msg: ReferenceError: Can't find variable: Set

  phantomjs://platform/console++.js:263 in error
[ERROR - 2020-02-16T04:12:06.003Z] Session [912c0850-5071-11ea-8bf7-af382ae7ddcb] - page.onError - stack:
  (anonymous function) (https://vip1.dflfcm.com:966/player/dplayer/hls.min.js:1)
  t (https://vip1.dflfcm.com:966/player/dplayer/hls.min.js:1)
  (anonymous function) (https://vip1.dflfcm.com:966/player/dplayer/hls.min.js:1)
  (anonymous function) (https://vip1.dflfcm.com:966/player/dplayer/hls.min.js:1)
  (anonymous function) (https://vip1.dflfcm.com:966/player/dplayer/hls.min.js:1)
  (anonymous function) (https://vip1.dflfcm.com:966/player/dplayer/hls.min.js:1)
  t (https://vip1.dflfcm.com:966/player/dplayer/hls.min.js:1)
  (anonymous function) (https://vip1.dflfcm.com:966/player/dplayer/hls.min.js:1)
  t (https://vip1.dflfcm.com:966/player/dplayer/hls.min.js:1)
  (anonymous function) (https://vip1.dflfcm.com:966/player/dplayer/hls.min.js:1)
  (anonymous function) (https://vip1.dflfcm.com:966/player/dplayer/hls.min.js:1)
  (anonymous function) (https://vip1.dflfcm.com:966/player/dplayer/hls.min.js:1)

  phantomjs://platform/console++.js:263 in error
[ERROR - 2020-02-16T04:12:17.017Z] Session [912c0850-5071-11ea-8bf7-af382ae7ddcb] - page.onError - msg: ReferenceError: Can't find variable: Set

  phantomjs://platform/console++.js:263 in error
[ERROR - 2020-02-16T04:12:17.063Z] Session [912c0850-5071-11ea-8bf7-af382ae7ddcb] - page.onError - stack:
  (anonymous function) (https://vip1.dflfcm.com:966/player/dplayer/hls.min.js:1)
  t (https://vip1.dflfcm.com:966/player/dplayer/hls.min.js:1)
  (anonymous function) (https://vip1.dflfcm.com:966/player/dplayer/hls.min.js:1)
  (anonymous function) (https://vip1.dflfcm.com:966/player/dplayer/hls.min.js:1)
  (anonymous function) (https://vip1.dflfcm.com:966/player/dplayer/hls.min.js:1)
  (anonymous function) (https://vip1.dflfcm.com:966/player/dplayer/hls.min.js:1)
  t (https://vip1.dflfcm.com:966/player/dplayer/hls.min.js:1)
  (anonymous function) (https://vip1.dflfcm.com:966/player/dplayer/hls.min.js:1)
  t (https://vip1.dflfcm.com:966/player/dplayer/hls.min.js:1)
  (anonymous function) (https://vip1.dflfcm.com:966/player/dplayer/hls.min.js:1)
  (anonymous function) (https://vip1.dflfcm.com:966/player/dplayer/hls.min.js:1)
  (anonymous function) (https://vip1.dflfcm.com:966/player/dplayer/hls.min.js:1)

  phantomjs://platform/console++.js:263 in error
[ERROR - 2020-02-16T04:12:24.555Z] Session [912c0850-5071-11ea-8bf7-af382ae7ddcb] - page.onError - msg: ReferenceError: Can't find variable: Set

  phantomjs://platform/console++.js:263 in error
[ERROR - 2020-02-16T04:12:24.555Z] Session [912c0850-5071-11ea-8bf7-af382ae7ddcb] - page.onError - stack:
  (anonymous function) (https://vip1.dflfcm.com:966/player/dplayer/hls.min.js:1)
  t (https://vip1.dflfcm.com:966/player/dplayer/hls.min.js:1)
  (anonymous function) (https://vip1.dflfcm.com:966/player/dplayer/hls.min.js:1)
  (anonymous function) (https://vip1.dflfcm.com:966/player/dplayer/hls.min.js:1)
  (anonymous function) (https://vip1.dflfcm.com:966/player/dplayer/hls.min.js:1)
  (anonymous function) (https://vip1.dflfcm.com:966/player/dplayer/hls.min.js:1)
  t (https://vip1.dflfcm.com:966/player/dplayer/hls.min.js:1)
  (anonymous function) (https://vip1.dflfcm.com:966/player/dplayer/hls.min.js:1)
  t (https://vip1.dflfcm.com:966/player/dplayer/hls.min.js:1)
  (anonymous function) (https://vip1.dflfcm.com:966/player/dplayer/hls.min.js:1)
  (anonymous function) (https://vip1.dflfcm.com:966/player/dplayer/hls.min.js:1)
  (anonymous function) (https://vip1.dflfcm.com:966/player/dplayer/hls.min.js:1)

  phantomjs://platform/console++.js:263 in error
[ERROR - 2020-02-16T04:12:33.036Z] Session [912c0850-5071-11ea-8bf7-af382ae7ddcb] - page.onError - msg: ReferenceError: Can't find variable: Set

  phantomjs://platform/console++.js:263 in error
[ERROR - 2020-02-16T04:12:33.036Z] Session [912c0850-5071-11ea-8bf7-af382ae7ddcb] - page.onError - stack:
  (anonymous function) (https://vip1.dflfcm.com:966/player/dplayer/hls.min.js:1)
  t (https://vip1.dflfcm.com:966/player/dplayer/hls.min.js:1)
  (anonymous function) (https://vip1.dflfcm.com:966/player/dplayer/hls.min.js:1)
  (anonymous function) (https://vip1.dflfcm.com:966/player/dplayer/hls.min.js:1)
  (anonymous function) (https://vip1.dflfcm.com:966/player/dplayer/hls.min.js:1)
  (anonymous function) (https://vip1.dflfcm.com:966/player/dplayer/hls.min.js:1)
  t (https://vip1.dflfcm.com:966/player/dplayer/hls.min.js:1)
  (anonymous function) (https://vip1.dflfcm.com:966/player/dplayer/hls.min.js:1)
  t (https://vip1.dflfcm.com:966/player/dplayer/hls.min.js:1)
  (anonymous function) (https://vip1.dflfcm.com:966/player/dplayer/hls.min.js:1)
  (anonymous function) (https://vip1.dflfcm.com:966/player/dplayer/hls.min.js:1)
  (anonymous function) (https://vip1.dflfcm.com:966/player/dplayer/hls.min.js:1)

  phantomjs://platform/console++.js:263 in error
[ERROR - 2020-02-16T04:12:41.520Z] Session [912c0850-5071-11ea-8bf7-af382ae7ddcb] - page.onError - msg: ReferenceError: Can't find variable: Set

  phantomjs://platform/console++.js:263 in error
[ERROR - 2020-02-16T04:12:41.521Z] Session [912c0850-5071-11ea-8bf7-af382ae7ddcb] - page.onError - stack:
  (anonymous function) (https://vip1.dflfcm.com:966/player/dplayer/hls.min.js:1)
  t (https://vip1.dflfcm.com:966/player/dplayer/hls.min.js:1)
  (anonymous function) (https://vip1.dflfcm.com:966/player/dplayer/hls.min.js:1)
  (anonymous function) (https://vip1.dflfcm.com:966/player/dplayer/hls.min.js:1)
  (anonymous function) (https://vip1.dflfcm.com:966/player/dplayer/hls.min.js:1)
  (anonymous function) (https://vip1.dflfcm.com:966/player/dplayer/hls.min.js:1)
  t (https://vip1.dflfcm.com:966/player/dplayer/hls.min.js:1)
  (anonymous function) (https://vip1.dflfcm.com:966/player/dplayer/hls.min.js:1)
  t (https://vip1.dflfcm.com:966/player/dplayer/hls.min.js:1)
  (anonymous function) (https://vip1.dflfcm.com:966/player/dplayer/hls.min.js:1)
  (anonymous function) (https://vip1.dflfcm.com:966/player/dplayer/hls.min.js:1)
  (anonymous function) (https://vip1.dflfcm.com:966/player/dplayer/hls.min.js:1)

  phantomjs://platform/console++.js:263 in error
[INFO  - 2020-02-16T04:15:28.999Z] SessionManagerReqHand - _cleanupWindowlessSessions - Asynchronous Sessions clean-up phase starting NOW
[INFO  - 2020-02-16T04:20:29.028Z] SessionManagerReqHand - _cleanupWindowlessSessions - Asynchronous Sessions clean-up phase starting NOW
[INFO  - 2020-02-16T04:25:29.844Z] SessionManagerReqHand - _cleanupWindowlessSessions - Asynchronous Sessions clean-up phase starting NOW
[INFO  - 2020-02-16T04:30:29.899Z] SessionManagerReqHand - _cleanupWindowlessSessions - Asynchronous Sessions clean-up phase starting NOW
